Added Component: Designator=C121(CAP_ALU_1616_vishay)
Add component. Clean all parameters for all variants
Add component (AddParameter): Name = "CreatedBy"; Value = "Jonathan Bouchard"; VariantName = "[No Variations]"
Add component (AddParameter): Name = "Current"; Value = "1.3A"; VariantName = "[No Variations]"
Add component (AddParameter): Name = "FootprintNameOK"; Value = ""; VariantName = "[No Variations]"
Add component (AddParameter): Name = "HelpURL"; Value = "http://www.vishay.com/docs/28403/146cti.pdf"; VariantName = "[No Variations]"
Add component (AddParameter): Name = "Mfg"; Value = "Vishay Dale"; VariantName = "[No Variations]"
Add component (AddParameter): Name = "Mfg Part Number"; Value = "MAL214699108E3"; VariantName = "[No Variations]"
Add component (AddParameter): Name = "NI"; Value = ""; VariantName = "[No Variations]"
Add component (AddParameter): Name = "Package"; Value = "1616"; VariantName = "[No Variations]"
Add component (AddParameter): Name = "Power"; Value = ""; VariantName = "[No Variations]"
Add component (AddParameter): Name = "Precision"; Value = "20%"; VariantName = "[No Variations]"
Add component (AddParameter): Name = "Supplier 1"; Value = "Digikey"; VariantName = "[No Variations]"
Add component (AddParameter): Name = "Supplier Part Number 1"; Value = "4442PHCT-ND"; VariantName = "[No Variations]"
Add component (AddParameter): Name = "Temperature"; Value = "-55°C to 125°C"; VariantName = "[No Variations]"
Add component (AddParameter): Name = "Value"; Value = "470uF"; VariantName = "[No Variations]"
Add component (AddParameter): Name = "VerifiedBy"; Value = ""; VariantName = "[No Variations]"
Add component (AddParameter): Name = "Voltage"; Value = "50V"; VariantName = "[No Variations]"
Added Component: Designator=C122(CAP_ALU_1616_vishay)
Add component. Clean all parameters for all variants
Add component (AddParameter): Name = "CreatedBy"; Value = "Jonathan Bouchard"; VariantName = "[No Variations]"
Add component (AddParameter): Name = "Current"; Value = "1.3A"; VariantName = "[No Variations]"
Add component (AddParameter): Name = "FootprintNameOK"; Value = ""; VariantName = "[No Variations]"
Add component (AddParameter): Name = "HelpURL"; Value = "http://www.vishay.com/docs/28403/146cti.pdf"; VariantName = "[No Variations]"
Add component (AddParameter): Name = "Mfg"; Value = "Vishay Dale"; VariantName = "[No Variations]"
Add component (AddParameter): Name = "Mfg Part Number"; Value = "MAL214699108E3"; VariantName = "[No Variations]"
Add component (AddParameter): Name = "NI"; Value = ""; VariantName = "[No Variations]"
Add component (AddParameter): Name = "Package"; Value = "1616"; VariantName = "[No Variations]"
Add component (AddParameter): Name = "Power"; Value = ""; VariantName = "[No Variations]"
Add component (AddParameter): Name = "Precision"; Value = "20%"; VariantName = "[No Variations]"
Add component (AddParameter): Name = "Supplier 1"; Value = "Digikey"; VariantName = "[No Variations]"
Add component (AddParameter): Name = "Supplier Part Number 1"; Value = "4442PHCT-ND"; VariantName = "[No Variations]"
Add component (AddParameter): Name = "Temperature"; Value = "-55°C to 125°C"; VariantName = "[No Variations]"
Add component (AddParameter): Name = "Value"; Value = "470uF"; VariantName = "[No Variations]"
Add component (AddParameter): Name = "VerifiedBy"; Value = ""; VariantName = "[No Variations]"
Add component (AddParameter): Name = "Voltage"; Value = "50V"; VariantName = "[No Variations]"
Added Component: Designator=C123(CAP_ALU_1616_vishay)
Add component. Clean all parameters for all variants
Add component (AddParameter): Name = "CreatedBy"; Value = "Jonathan Bouchard"; VariantName = "[No Variations]"
Add component (AddParameter): Name = "Current"; Value = "1.3A"; VariantName = "[No Variations]"
Add component (AddParameter): Name = "FootprintNameOK"; Value = ""; VariantName = "[No Variations]"
Add component (AddParameter): Name = "HelpURL"; Value = "http://www.vishay.com/docs/28403/146cti.pdf"; VariantName = "[No Variations]"
Add component (AddParameter): Name = "Mfg"; Value = "Vishay Dale"; VariantName = "[No Variations]"
Add component (AddParameter): Name = "Mfg Part Number"; Value = "MAL214699108E3"; VariantName = "[No Variations]"
Add component (AddParameter): Name = "NI"; Value = ""; VariantName = "[No Variations]"
Add component (AddParameter): Name = "Package"; Value = "1616"; VariantName = "[No Variations]"
Add component (AddParameter): Name = "Power"; Value = ""; VariantName = "[No Variations]"
Add component (AddParameter): Name = "Precision"; Value = "20%"; VariantName = "[No Variations]"
Add component (AddParameter): Name = "Supplier 1"; Value = "Digikey"; VariantName = "[No Variations]"
Add component (AddParameter): Name = "Supplier Part Number 1"; Value = "4442PHCT-ND"; VariantName = "[No Variations]"
Add component (AddParameter): Name = "Temperature"; Value = "-55°C to 125°C"; VariantName = "[No Variations]"
Add component (AddParameter): Name = "Value"; Value = "470uF"; VariantName = "[No Variations]"
Add component (AddParameter): Name = "VerifiedBy"; Value = ""; VariantName = "[No Variations]"
Add component (AddParameter): Name = "Voltage"; Value = "50V"; VariantName = "[No Variations]"
Added Component: Designator=D3(DO-214AA)
Add component. Clean all parameters for all variants
Add component (AddParameter): Name = "Imax"; Value = "15.5A"; VariantName = "[No Variations]"
Add component (AddParameter): Name = "Pd"; Value = "600W"; VariantName = "[No Variations]"
Add component (AddParameter): Name = "Vf"; Value = "24V"; VariantName = "[No Variations]"
Added Component: Designator=F1(RES_1206)
Add component. Clean all parameters for all variants
Add component (AddParameter): Name = "Itrip"; Value = "5A"; VariantName = "[No Variations]"
Add component (AddParameter): Name = "Manufacturer"; Value = "Bourns Inc."; VariantName = "[No Variations]"
Add component (AddParameter): Name = "Part Number"; Value = "SF-1206F500-2"; VariantName = "[No Variations]"
Add component (AddParameter): Name = "Voltage"; Value = "24V"; VariantName = "[No Variations]"
Added Pin To Net: NetName=24P0V Pin=C121-1
Added Pin To Net: NetName=GND Pin=C121-2
Added Pin To Net: NetName=24P0V Pin=C122-1
Added Pin To Net: NetName=GND Pin=C122-2
Added Pin To Net: NetName=24P0V Pin=C123-1
Added Pin To Net: NetName=GND Pin=C123-2
