Change Component Footprint: Designator=C119 Old Footprint=CAP_1206 New Footprint=CAP_0402
Change Component Footprint: Designator=C120 Old Footprint=CAP_1206 New Footprint=CAP_0402
Change Component Footprint: Designator=C110 Old Footprint=CAP_1206 New Footprint=CAP_0603
Change Component Footprint: Designator=C111 Old Footprint=CAP_1206 New Footprint=CAP_0603
Change Component Footprint: Designator=C113 Old Footprint=CAP_1206 New Footprint=CAP_0603
Change Component Footprint: Designator=C114 Old Footprint=CAP_1206 New Footprint=CAP_0603
Change Component Footprint: Designator=C115 Old Footprint=CAP_1206 New Footprint=CAP_0603
Change Component Footprint: Designator=C116 Old Footprint=CAP_1206 New Footprint=CAP_0603
Change Component Footprint: Designator=C117 Old Footprint=CAP_1206 New Footprint=CAP_0603
Change Component Footprint: Designator=C118 Old Footprint=CAP_1206 New Footprint=CAP_0603
Change component parameters: Designator = "C110"; Footprint = "CAP_0603"; UniqueID = "\GNLVCNQX"
Change component parameters. Clean all parameters for all variants
Change component parameters (AddParameter): Name = "CreatedBy"; Value = "Jonathan Bouchard"; VariantName = "[No Variations]"
Change component parameters (AddParameter): Name = "Current"; Value = ""; VariantName = "[No Variations]"
Change component parameters (AddParameter): Name = "FootprintNameOK"; Value = ""; VariantName = "[No Variations]"
Change component parameters (AddParameter): Name = "HelpURL"; Value = ""; VariantName = "[No Variations]"
Change component parameters (AddParameter): Name = "Mfg"; Value = ""; VariantName = "[No Variations]"
Change component parameters (AddParameter): Name = "Mfg Part Number"; Value = ""; VariantName = "[No Variations]"
Change component parameters (AddParameter): Name = "NI"; Value = ""; VariantName = "[No Variations]"
Change component parameters (AddParameter): Name = "Package"; Value = "0603"; VariantName = "[No Variations]"
Change component parameters (AddParameter): Name = "Power"; Value = ""; VariantName = "[No Variations]"
Change component parameters (AddParameter): Name = "Precision"; Value = "10%"; VariantName = "[No Variations]"
Change component parameters (AddParameter): Name = "Temperature"; Value = ""; VariantName = "[No Variations]"
Change component parameters (AddParameter): Name = "Value"; Value = "100nF"; VariantName = "[No Variations]"
Change component parameters (AddParameter): Name = "VerifiedBy"; Value = ""; VariantName = "[No Variations]"
Change component parameters (AddParameter): Name = "Voltage"; Value = "50V"; VariantName = "[No Variations]"
Change component parameters: Designator = "C111"; Footprint = "CAP_0603"; UniqueID = "\XHSDMHFL"
Change component parameters. Clean all parameters for all variants
Change component parameters (AddParameter): Name = "CreatedBy"; Value = "Jonathan Bouchard"; VariantName = "[No Variations]"
Change component parameters (AddParameter): Name = "Current"; Value = ""; VariantName = "[No Variations]"
Change component parameters (AddParameter): Name = "FootprintNameOK"; Value = ""; VariantName = "[No Variations]"
Change component parameters (AddParameter): Name = "HelpURL"; Value = ""; VariantName = "[No Variations]"
Change component parameters (AddParameter): Name = "Mfg"; Value = ""; VariantName = "[No Variations]"
Change component parameters (AddParameter): Name = "Mfg Part Number"; Value = ""; VariantName = "[No Variations]"
Change component parameters (AddParameter): Name = "NI"; Value = ""; VariantName = "[No Variations]"
Change component parameters (AddParameter): Name = "Package"; Value = "0603"; VariantName = "[No Variations]"
Change component parameters (AddParameter): Name = "Power"; Value = ""; VariantName = "[No Variations]"
Change component parameters (AddParameter): Name = "Precision"; Value = "10%"; VariantName = "[No Variations]"
Change component parameters (AddParameter): Name = "Temperature"; Value = ""; VariantName = "[No Variations]"
Change component parameters (AddParameter): Name = "Value"; Value = "100nF"; VariantName = "[No Variations]"
Change component parameters (AddParameter): Name = "VerifiedBy"; Value = ""; VariantName = "[No Variations]"
Change component parameters (AddParameter): Name = "Voltage"; Value = "50V"; VariantName = "[No Variations]"
Change component parameters: Designator = "C113"; Footprint = "CAP_0603"; UniqueID = "\SNUGAABH"
Change component parameters. Clean all parameters for all variants
Change component parameters (AddParameter): Name = "CreatedBy"; Value = "Jonathan Bouchard"; VariantName = "[No Variations]"
Change component parameters (AddParameter): Name = "Current"; Value = ""; VariantName = "[No Variations]"
Change component parameters (AddParameter): Name = "FootprintNameOK"; Value = ""; VariantName = "[No Variations]"
Change component parameters (AddParameter): Name = "HelpURL"; Value = ""; VariantName = "[No Variations]"
Change component parameters (AddParameter): Name = "Mfg"; Value = ""; VariantName = "[No Variations]"
Change component parameters (AddParameter): Name = "Mfg Part Number"; Value = ""; VariantName = "[No Variations]"
Change component parameters (AddParameter): Name = "NI"; Value = ""; VariantName = "[No Variations]"
Change component parameters (AddParameter): Name = "Package"; Value = "0603"; VariantName = "[No Variations]"
Change component parameters (AddParameter): Name = "Power"; Value = ""; VariantName = "[No Variations]"
Change component parameters (AddParameter): Name = "Precision"; Value = "10%"; VariantName = "[No Variations]"
Change component parameters (AddParameter): Name = "Temperature"; Value = ""; VariantName = "[No Variations]"
Change component parameters (AddParameter): Name = "Value"; Value = "100nF"; VariantName = "[No Variations]"
Change component parameters (AddParameter): Name = "VerifiedBy"; Value = ""; VariantName = "[No Variations]"
Change component parameters (AddParameter): Name = "Voltage"; Value = "50V"; VariantName = "[No Variations]"
Change component parameters: Designator = "C114"; Footprint = "CAP_0603"; UniqueID = "\HVXLUMYG"
Change component parameters. Clean all parameters for all variants
Change component parameters (AddParameter): Name = "CreatedBy"; Value = "Jonathan Bouchard"; VariantName = "[No Variations]"
Change component parameters (AddParameter): Name = "Current"; Value = ""; VariantName = "[No Variations]"
Change component parameters (AddParameter): Name = "FootprintNameOK"; Value = ""; VariantName = "[No Variations]"
Change component parameters (AddParameter): Name = "HelpURL"; Value = ""; VariantName = "[No Variations]"
Change component parameters (AddParameter): Name = "Mfg"; Value = ""; VariantName = "[No Variations]"
Change component parameters (AddParameter): Name = "Mfg Part Number"; Value = ""; VariantName = "[No Variations]"
Change component parameters (AddParameter): Name = "NI"; Value = ""; VariantName = "[No Variations]"
Change component parameters (AddParameter): Name = "Package"; Value = "0603"; VariantName = "[No Variations]"
Change component parameters (AddParameter): Name = "Power"; Value = ""; VariantName = "[No Variations]"
Change component parameters (AddParameter): Name = "Precision"; Value = "10%"; VariantName = "[No Variations]"
Change component parameters (AddParameter): Name = "Temperature"; Value = ""; VariantName = "[No Variations]"
Change component parameters (AddParameter): Name = "Value"; Value = "220nF"; VariantName = "[No Variations]"
Change component parameters (AddParameter): Name = "VerifiedBy"; Value = ""; VariantName = "[No Variations]"
Change component parameters (AddParameter): Name = "Voltage"; Value = "50V"; VariantName = "[No Variations]"
Change component parameters: Designator = "C115"; Footprint = "CAP_0603"; UniqueID = "\RCOVNEKU"
Change component parameters. Clean all parameters for all variants
Change component parameters (AddParameter): Name = "CreatedBy"; Value = "Jonathan Bouchard"; VariantName = "[No Variations]"
Change component parameters (AddParameter): Name = "Current"; Value = ""; VariantName = "[No Variations]"
Change component parameters (AddParameter): Name = "FootprintNameOK"; Value = ""; VariantName = "[No Variations]"
Change component parameters (AddParameter): Name = "HelpURL"; Value = ""; VariantName = "[No Variations]"
Change component parameters (AddParameter): Name = "Mfg"; Value = ""; VariantName = "[No Variations]"
Change component parameters (AddParameter): Name = "Mfg Part Number"; Value = ""; VariantName = "[No Variations]"
Change component parameters (AddParameter): Name = "NI"; Value = ""; VariantName = "[No Variations]"
Change component parameters (AddParameter): Name = "Package"; Value = "0603"; VariantName = "[No Variations]"
Change component parameters (AddParameter): Name = "Power"; Value = ""; VariantName = "[No Variations]"
Change component parameters (AddParameter): Name = "Precision"; Value = "10%"; VariantName = "[No Variations]"
Change component parameters (AddParameter): Name = "Temperature"; Value = ""; VariantName = "[No Variations]"
Change component parameters (AddParameter): Name = "Value"; Value = "220nF"; VariantName = "[No Variations]"
Change component parameters (AddParameter): Name = "VerifiedBy"; Value = ""; VariantName = "[No Variations]"
Change component parameters (AddParameter): Name = "Voltage"; Value = "50V"; VariantName = "[No Variations]"
Change component parameters: Designator = "C116"; Footprint = "CAP_0603"; UniqueID = "\HGOGTOXA"
Change component parameters. Clean all parameters for all variants
Change component parameters (AddParameter): Name = "CreatedBy"; Value = "Jonathan Bouchard"; VariantName = "[No Variations]"
Change component parameters (AddParameter): Name = "Current"; Value = ""; VariantName = "[No Variations]"
Change component parameters (AddParameter): Name = "FootprintNameOK"; Value = ""; VariantName = "[No Variations]"
Change component parameters (AddParameter): Name = "HelpURL"; Value = ""; VariantName = "[No Variations]"
Change component parameters (AddParameter): Name = "Mfg"; Value = ""; VariantName = "[No Variations]"
Change component parameters (AddParameter): Name = "Mfg Part Number"; Value = ""; VariantName = "[No Variations]"
Change component parameters (AddParameter): Name = "NI"; Value = ""; VariantName = "[No Variations]"
Change component parameters (AddParameter): Name = "Package"; Value = "0603"; VariantName = "[No Variations]"
Change component parameters (AddParameter): Name = "Power"; Value = ""; VariantName = "[No Variations]"
Change component parameters (AddParameter): Name = "Precision"; Value = "10%"; VariantName = "[No Variations]"
Change component parameters (AddParameter): Name = "Temperature"; Value = ""; VariantName = "[No Variations]"
Change component parameters (AddParameter): Name = "Value"; Value = "220nF"; VariantName = "[No Variations]"
Change component parameters (AddParameter): Name = "VerifiedBy"; Value = ""; VariantName = "[No Variations]"
Change component parameters (AddParameter): Name = "Voltage"; Value = "50V"; VariantName = "[No Variations]"
Change component parameters: Designator = "C117"; Footprint = "CAP_0603"; UniqueID = "\MPSMSDGQ"
Change component parameters. Clean all parameters for all variants
Change component parameters (AddParameter): Name = "CreatedBy"; Value = "Jonathan Bouchard"; VariantName = "[No Variations]"
Change component parameters (AddParameter): Name = "Current"; Value = ""; VariantName = "[No Variations]"
Change component parameters (AddParameter): Name = "FootprintNameOK"; Value = ""; VariantName = "[No Variations]"
Change component parameters (AddParameter): Name = "HelpURL"; Value = ""; VariantName = "[No Variations]"
Change component parameters (AddParameter): Name = "Mfg"; Value = ""; VariantName = "[No Variations]"
Change component parameters (AddParameter): Name = "Mfg Part Number"; Value = ""; VariantName = "[No Variations]"
Change component parameters (AddParameter): Name = "NI"; Value = ""; VariantName = "[No Variations]"
Change component parameters (AddParameter): Name = "Package"; Value = "0603"; VariantName = "[No Variations]"
Change component parameters (AddParameter): Name = "Power"; Value = ""; VariantName = "[No Variations]"
Change component parameters (AddParameter): Name = "Precision"; Value = "10%"; VariantName = "[No Variations]"
Change component parameters (AddParameter): Name = "Temperature"; Value = ""; VariantName = "[No Variations]"
Change component parameters (AddParameter): Name = "Value"; Value = "100nF"; VariantName = "[No Variations]"
Change component parameters (AddParameter): Name = "VerifiedBy"; Value = ""; VariantName = "[No Variations]"
Change component parameters (AddParameter): Name = "Voltage"; Value = "50V"; VariantName = "[No Variations]"
Change component parameters: Designator = "C118"; Footprint = "CAP_0603"; UniqueID = "\WUAQXFNK"
Change component parameters. Clean all parameters for all variants
Change component parameters (AddParameter): Name = "CreatedBy"; Value = "Jonathan Bouchard"; VariantName = "[No Variations]"
Change component parameters (AddParameter): Name = "Current"; Value = ""; VariantName = "[No Variations]"
Change component parameters (AddParameter): Name = "FootprintNameOK"; Value = ""; VariantName = "[No Variations]"
Change component parameters (AddParameter): Name = "HelpURL"; Value = ""; VariantName = "[No Variations]"
Change component parameters (AddParameter): Name = "Mfg"; Value = ""; VariantName = "[No Variations]"
Change component parameters (AddParameter): Name = "Mfg Part Number"; Value = ""; VariantName = "[No Variations]"
Change component parameters (AddParameter): Name = "NI"; Value = ""; VariantName = "[No Variations]"
Change component parameters (AddParameter): Name = "Package"; Value = "0603"; VariantName = "[No Variations]"
Change component parameters (AddParameter): Name = "Power"; Value = ""; VariantName = "[No Variations]"
Change component parameters (AddParameter): Name = "Precision"; Value = "10%"; VariantName = "[No Variations]"
Change component parameters (AddParameter): Name = "Temperature"; Value = ""; VariantName = "[No Variations]"
Change component parameters (AddParameter): Name = "Value"; Value = "100nF"; VariantName = "[No Variations]"
Change component parameters (AddParameter): Name = "VerifiedBy"; Value = ""; VariantName = "[No Variations]"
Change component parameters (AddParameter): Name = "Voltage"; Value = "50V"; VariantName = "[No Variations]"
Change component parameters: Designator = "C119"; Footprint = "CAP_0402"; UniqueID = "\MQXLHWHV"
Change component parameters. Clean all parameters for all variants
Change component parameters (AddParameter): Name = "CreatedBy"; Value = "Jonathan Bouchard"; VariantName = "[No Variations]"
Change component parameters (AddParameter): Name = "Current"; Value = ""; VariantName = "[No Variations]"
Change component parameters (AddParameter): Name = "FootprintNameOK"; Value = ""; VariantName = "[No Variations]"
Change component parameters (AddParameter): Name = "HelpURL"; Value = ""; VariantName = "[No Variations]"
Change component parameters (AddParameter): Name = "Mfg"; Value = ""; VariantName = "[No Variations]"
Change component parameters (AddParameter): Name = "Mfg Part Number"; Value = ""; VariantName = "[No Variations]"
Change component parameters (AddParameter): Name = "NI"; Value = ""; VariantName = "[No Variations]"
Change component parameters (AddParameter): Name = "Package"; Value = "0402"; VariantName = "[No Variations]"
Change component parameters (AddParameter): Name = "Power"; Value = ""; VariantName = "[No Variations]"
Change component parameters (AddParameter): Name = "Precision"; Value = "10%"; VariantName = "[No Variations]"
Change component parameters (AddParameter): Name = "Temperature"; Value = ""; VariantName = "[No Variations]"
Change component parameters (AddParameter): Name = "Value"; Value = "1 nF"; VariantName = "[No Variations]"
Change component parameters (AddParameter): Name = "VerifiedBy"; Value = ""; VariantName = "[No Variations]"
Change component parameters (AddParameter): Name = "Voltage"; Value = "50V"; VariantName = "[No Variations]"
Change component parameters: Designator = "C120"; Footprint = "CAP_0402"; UniqueID = "\RLKARNHG"
Change component parameters. Clean all parameters for all variants
Change component parameters (AddParameter): Name = "CreatedBy"; Value = "Jonathan Bouchard"; VariantName = "[No Variations]"
Change component parameters (AddParameter): Name = "Current"; Value = ""; VariantName = "[No Variations]"
Change component parameters (AddParameter): Name = "FootprintNameOK"; Value = ""; VariantName = "[No Variations]"
Change component parameters (AddParameter): Name = "HelpURL"; Value = ""; VariantName = "[No Variations]"
Change component parameters (AddParameter): Name = "Mfg"; Value = ""; VariantName = "[No Variations]"
Change component parameters (AddParameter): Name = "Mfg Part Number"; Value = ""; VariantName = "[No Variations]"
Change component parameters (AddParameter): Name = "NI"; Value = ""; VariantName = "[No Variations]"
Change component parameters (AddParameter): Name = "Package"; Value = "0402"; VariantName = "[No Variations]"
Change component parameters (AddParameter): Name = "Parameter 1"; Value = ""; VariantName = "[No Variations]"
Change component parameters (AddParameter): Name = "Power"; Value = ""; VariantName = "[No Variations]"
Change component parameters (AddParameter): Name = "Precision"; Value = "10%"; VariantName = "[No Variations]"
Change component parameters (AddParameter): Name = "Temperature"; Value = ""; VariantName = "[No Variations]"
Change component parameters (AddParameter): Name = "Value"; Value = "1nF"; VariantName = "[No Variations]"
Change component parameters (AddParameter): Name = "VerifiedBy"; Value = ""; VariantName = "[No Variations]"
Change component parameters (AddParameter): Name = "Voltage"; Value = "50V"; VariantName = "[No Variations]"
Change component parameters: Designator = "R60"; Footprint = "RES_0402"; UniqueID = "\ACLMDBEQ"
Change component parameters. Clean all parameters for all variants
Change component parameters (AddParameter): Name = "CreatedBy"; Value = "Jonathan Bouchard"; VariantName = "[No Variations]"
Change component parameters (AddParameter): Name = "Current"; Value = ""; VariantName = "[No Variations]"
Change component parameters (AddParameter): Name = "FootprintNameOK"; Value = ""; VariantName = "[No Variations]"
Change component parameters (AddParameter): Name = "HelpURL"; Value = ""; VariantName = "[No Variations]"
Change component parameters (AddParameter): Name = "Mfg"; Value = ""; VariantName = "[No Variations]"
Change component parameters (AddParameter): Name = "Mfg Part Number"; Value = ""; VariantName = "[No Variations]"
Change component parameters (AddParameter): Name = "NI"; Value = ""; VariantName = "[No Variations]"
Change component parameters (AddParameter): Name = "Package"; Value = "0402"; VariantName = "[No Variations]"
Change component parameters (AddParameter): Name = "Parameter 1"; Value = ""; VariantName = "[No Variations]"
Change component parameters (AddParameter): Name = "Power"; Value = "1/16W"; VariantName = "[No Variations]"
Change component parameters (AddParameter): Name = "Precision"; Value = "1%"; VariantName = "[No Variations]"
Change component parameters (AddParameter): Name = "Temperature"; Value = ""; VariantName = "[No Variations]"
Change component parameters (AddParameter): Name = "Value"; Value = "0R"; VariantName = "[No Variations]"
Change component parameters (AddParameter): Name = "VerifiedBy"; Value = ""; VariantName = "[No Variations]"
Change component parameters (AddParameter): Name = "Voltage"; Value = "50V"; VariantName = "[No Variations]"
Change component parameters: Designator = "R61"; Footprint = "RES_0402"; UniqueID = "\UFJWAPRC"
Change component parameters. Clean all parameters for all variants
Change component parameters (AddParameter): Name = "CreatedBy"; Value = "Jonathan Bouchard"; VariantName = "[No Variations]"
Change component parameters (AddParameter): Name = "Current"; Value = ""; VariantName = "[No Variations]"
Change component parameters (AddParameter): Name = "FootprintNameOK"; Value = ""; VariantName = "[No Variations]"
Change component parameters (AddParameter): Name = "HelpURL"; Value = ""; VariantName = "[No Variations]"
Change component parameters (AddParameter): Name = "Mfg"; Value = ""; VariantName = "[No Variations]"
Change component parameters (AddParameter): Name = "Mfg Part Number"; Value = ""; VariantName = "[No Variations]"
Change component parameters (AddParameter): Name = "NI"; Value = ""; VariantName = "[No Variations]"
Change component parameters (AddParameter): Name = "Package"; Value = "0402"; VariantName = "[No Variations]"
Change component parameters (AddParameter): Name = "Parameter 1"; Value = ""; VariantName = "[No Variations]"
Change component parameters (AddParameter): Name = "Power"; Value = "1/16W"; VariantName = "[No Variations]"
Change component parameters (AddParameter): Name = "Precision"; Value = "1%"; VariantName = "[No Variations]"
Change component parameters (AddParameter): Name = "Temperature"; Value = ""; VariantName = "[No Variations]"
Change component parameters (AddParameter): Name = "Value"; Value = "47k"; VariantName = "[No Variations]"
Change component parameters (AddParameter): Name = "VerifiedBy"; Value = ""; VariantName = "[No Variations]"
Change component parameters (AddParameter): Name = "Voltage"; Value = "50V"; VariantName = "[No Variations]"
Change component parameters: Designator = "R64"; Footprint = "RES_0402"; UniqueID = "\APHJNWFW"
Change component parameters. Clean all parameters for all variants
Change component parameters (AddParameter): Name = "CreatedBy"; Value = "Jonathan Bouchard"; VariantName = "[No Variations]"
Change component parameters (AddParameter): Name = "Current"; Value = ""; VariantName = "[No Variations]"
Change component parameters (AddParameter): Name = "FootprintNameOK"; Value = ""; VariantName = "[No Variations]"
Change component parameters (AddParameter): Name = "HelpURL"; Value = ""; VariantName = "[No Variations]"
Change component parameters (AddParameter): Name = "Mfg"; Value = ""; VariantName = "[No Variations]"
Change component parameters (AddParameter): Name = "Mfg Part Number"; Value = ""; VariantName = "[No Variations]"
Change component parameters (AddParameter): Name = "NI"; Value = ""; VariantName = "[No Variations]"
Change component parameters (AddParameter): Name = "Package"; Value = "0402"; VariantName = "[No Variations]"
Change component parameters (AddParameter): Name = "Parameter 1"; Value = ""; VariantName = "[No Variations]"
Change component parameters (AddParameter): Name = "Power"; Value = "1/16W"; VariantName = "[No Variations]"
Change component parameters (AddParameter): Name = "Precision"; Value = "1%"; VariantName = "[No Variations]"
Change component parameters (AddParameter): Name = "Temperature"; Value = ""; VariantName = "[No Variations]"
Change component parameters (AddParameter): Name = "Value"; Value = "47k"; VariantName = "[No Variations]"
Change component parameters (AddParameter): Name = "VerifiedBy"; Value = ""; VariantName = "[No Variations]"
Change component parameters (AddParameter): Name = "Voltage"; Value = "50V"; VariantName = "[No Variations]"
Change component parameters: Designator = "R65"; Footprint = "RES_0402"; UniqueID = "\ADRXAQRF"
Change component parameters. Clean all parameters for all variants
Change component parameters (AddParameter): Name = "CreatedBy"; Value = "Jonathan Bouchard"; VariantName = "[No Variations]"
Change component parameters (AddParameter): Name = "Current"; Value = ""; VariantName = "[No Variations]"
Change component parameters (AddParameter): Name = "FootprintNameOK"; Value = ""; VariantName = "[No Variations]"
Change component parameters (AddParameter): Name = "HelpURL"; Value = ""; VariantName = "[No Variations]"
Change component parameters (AddParameter): Name = "Mfg"; Value = ""; VariantName = "[No Variations]"
Change component parameters (AddParameter): Name = "Mfg Part Number"; Value = ""; VariantName = "[No Variations]"
Change component parameters (AddParameter): Name = "NI"; Value = ""; VariantName = "[No Variations]"
Change component parameters (AddParameter): Name = "Package"; Value = "0402"; VariantName = "[No Variations]"
Change component parameters (AddParameter): Name = "Parameter 1"; Value = ""; VariantName = "[No Variations]"
Change component parameters (AddParameter): Name = "Power"; Value = "1/16W"; VariantName = "[No Variations]"
Change component parameters (AddParameter): Name = "Precision"; Value = "1%"; VariantName = "[No Variations]"
Change component parameters (AddParameter): Name = "Temperature"; Value = ""; VariantName = "[No Variations]"
Change component parameters (AddParameter): Name = "Value"; Value = "47k"; VariantName = "[No Variations]"
Change component parameters (AddParameter): Name = "VerifiedBy"; Value = ""; VariantName = "[No Variations]"
Change component parameters (AddParameter): Name = "Voltage"; Value = "50V"; VariantName = "[No Variations]"
Added Member To Class: ClassName=50ohms Member=Wire NetR47_1
Added Member To Class: ClassName=50ohms Member=Wire NetR49_1
Added Member To Class: ClassName=50ohms Member=Wire NetR51_1
Added Member To Class: ClassName=50ohms Member=Wire NetR52_1
Added Member To Class: ClassName=50ohms Member=Wire NetR53_1
Added Member To Class: ClassName=50ohms Member=Wire NetR54_1
Added Member To Class: ClassName=50ohms Member=Wire NetR55_1
