Removed Member From Class: ClassName=50ohms Member=NetR47_1
Removed Member From Class: ClassName=50ohms Member=NetR49_1
Removed Member From Class: ClassName=50ohms Member=NetR51_1
Removed Member From Class: ClassName=50ohms Member=NetR52_1
Removed Member From Class: ClassName=50ohms Member=NetR53_1
Removed Member From Class: ClassName=50ohms Member=NetR54_1
Removed Member From Class: ClassName=50ohms Member=NetR55_1
Change Component Designator: OldDesignator=R18 NewDesignator=R4
Change Component Designator: OldDesignator=R24 NewDesignator=R6
Change Component Designator: OldDesignator=R25 NewDesignator=R7
Change Component Designator: OldDesignator=R26 NewDesignator=R8
Change Component Designator: OldDesignator=R42 NewDesignator=R24
Change Component Designator: OldDesignator=R43 NewDesignator=R25
Change Component Designator: OldDesignator=R44 NewDesignator=R26
Change Component Designator: OldDesignator=R45 NewDesignator=R27
Change Component Designator: OldDesignator=R46 NewDesignator=R28
Change Component Designator: OldDesignator=R47 NewDesignator=R29
Change Component Designator: OldDesignator=R48 NewDesignator=R30
Change Component Designator: OldDesignator=R49 NewDesignator=R31
Change Component Designator: OldDesignator=R50 NewDesignator=R32
Change Component Designator: OldDesignator=R51 NewDesignator=R33
Change Component Designator: OldDesignator=R52 NewDesignator=R34
Change Component Designator: OldDesignator=R53 NewDesignator=R35
Change Component Designator: OldDesignator=R54 NewDesignator=R36
Change Component Designator: OldDesignator=R55 NewDesignator=R37
Added Component: Designator=R1(14-SOIC)
Add component. Clean all parameters for all variants
Add component (AddParameter): Name = "Tolerance"; Value = "2%"; VariantName = "[No Variations]"
Add component (AddParameter): Name = "Value"; Value = "33R"; VariantName = "[No Variations]"
Added Component: Designator=R2(14-SOIC)
Add component. Clean all parameters for all variants
Add component (AddParameter): Name = "Tolerance"; Value = "2%"; VariantName = "[No Variations]"
Add component (AddParameter): Name = "Value"; Value = "33R"; VariantName = "[No Variations]"
Added Component: Designator=R3(14-SOIC)
Add component. Clean all parameters for all variants
Add component (AddParameter): Name = "Tolerance"; Value = "2%"; VariantName = "[No Variations]"
Add component (AddParameter): Name = "Value"; Value = "33R"; VariantName = "[No Variations]"
Added Pin To Net: NetName=0P75V Pin=R1-1
Added Pin To Net: NetName=0P75V Pin=R1-2
Added Pin To Net: NetName=0P75V Pin=R1-3
Added Pin To Net: NetName=0P75V Pin=R1-4
Added Pin To Net: NetName=0P75V Pin=R1-5
Added Pin To Net: NetName=0P75V Pin=R1-6
Added Pin To Net: NetName=0P75V Pin=R1-7
Added Pin To Net: NetName=DDR3_A6 Pin=R1-8
Added Pin To Net: NetName=DDR3_A5 Pin=R1-9
Added Pin To Net: NetName=DDR3_A4 Pin=R1-10
Added Pin To Net: NetName=DDR3_A3 Pin=R1-11
Added Pin To Net: NetName=DDR3_A2 Pin=R1-12
Added Pin To Net: NetName=DDR3_A1 Pin=R1-13
Added Pin To Net: NetName=DDR3_A0 Pin=R1-14
Added Pin To Net: NetName=0P75V Pin=R2-1
Added Pin To Net: NetName=0P75V Pin=R2-2
Added Pin To Net: NetName=0P75V Pin=R2-3
Added Pin To Net: NetName=0P75V Pin=R2-4
Added Pin To Net: NetName=0P75V Pin=R2-5
Added Pin To Net: NetName=0P75V Pin=R2-6
Added Pin To Net: NetName=0P75V Pin=R2-7
Added Pin To Net: NetName=DDR3_A13 Pin=R2-8
Added Pin To Net: NetName=DDR3_A12 Pin=R2-9
Added Pin To Net: NetName=DDR3_A11 Pin=R2-10
Added Pin To Net: NetName=DDR3_A10 Pin=R2-11
Added Pin To Net: NetName=DDR3_A9 Pin=R2-12
Added Pin To Net: NetName=DDR3_A8 Pin=R2-13
Added Pin To Net: NetName=DDR3_A7 Pin=R2-14
Added Pin To Net: NetName=0P75V Pin=R3-1
Added Pin To Net: NetName=0P75V Pin=R3-2
Added Pin To Net: NetName=0P75V Pin=R3-3
Added Pin To Net: NetName=0P75V Pin=R3-4
Added Pin To Net: NetName=0P75V Pin=R3-5
Added Pin To Net: NetName=0P75V Pin=R3-6
Added Pin To Net: NetName=0P75V Pin=R3-7
Added Pin To Net: NetName=DDR3.WEN Pin=R3-8
Added Pin To Net: NetName=DDR3.CASN Pin=R3-9
Added Pin To Net: NetName=DDR3.RASN Pin=R3-10
Added Pin To Net: NetName=DDR3.CKE Pin=R3-11
Added Pin To Net: NetName=DDR3_BA2 Pin=R3-12
Added Pin To Net: NetName=DDR3_BA1 Pin=R3-13
Added Pin To Net: NetName=DDR3_BA0 Pin=R3-14
