Added Component: Designator=J1(CONN_SAMTEC_ASP-134488-01)
Add component. Clean all parameters for all variants
Add component (AddParameter): Name = "CreatedBy"; Value = "Jonathan Bouchard"; VariantName = "[No Variations]"
Add component (AddParameter): Name = "Current"; Value = "1.8A"; VariantName = "[No Variations]"
Add component (AddParameter): Name = "FootprintNameOK"; Value = ""; VariantName = "[No Variations]"
Add component (AddParameter): Name = "HelpURL"; Value = "http://suddendocs.samtec.com/prints/asp-134488-01-mkt.pdf"; VariantName = "[No Variations]"
Add component (AddParameter): Name = "Mfg"; Value = "Samtec"; VariantName = "[No Variations]"
Add component (AddParameter): Name = "Mfg Part Number"; Value = "ASP-134488-01"; VariantName = "[No Variations]"
Add component (AddParameter): Name = "NI"; Value = ""; VariantName = "[No Variations]"
Add component (AddParameter): Name = "Package"; Value = "SMD-400"; VariantName = "[No Variations]"
Add component (AddParameter): Name = "Power"; Value = ""; VariantName = "[No Variations]"
Add component (AddParameter): Name = "Precision"; Value = ""; VariantName = "[No Variations]"
Add component (AddParameter): Name = "Temperature"; Value = "-55 °C to +125 °C"; VariantName = "[No Variations]"
Add component (AddParameter): Name = "Value"; Value = ""; VariantName = "[No Variations]"
Add component (AddParameter): Name = "VerifiedBy"; Value = ""; VariantName = "[No Variations]"
Add component (AddParameter): Name = "Voltage"; Value = "240VAC"; VariantName = "[No Variations]"
Added Component: Designator=U2(FPGA_XILINX_FGG676)
Add component. Clean all parameters for all variants
Add component (AddParameter): Name = "CreatedBy"; Value = "Jonathan Bouchard"; VariantName = "[No Variations]"
Add component (AddParameter): Name = "Current"; Value = ""; VariantName = "[No Variations]"
Add component (AddParameter): Name = "FootprintNameOK"; Value = ""; VariantName = "[No Variations]"
Add component (AddParameter): Name = "HelpURL"; Value = "https://www.xilinx.com/support/documentation/data_sheets/ds162.pdf"; VariantName = "[No Variations]"
Add component (AddParameter): Name = "Mfg"; Value = "Xilinx"; VariantName = "[No Variations]"
Add component (AddParameter): Name = "Mfg Part Number"; Value = "XC6SLX100-3FGG676C"; VariantName = "[No Variations]"
Add component (AddParameter): Name = "NI"; Value = ""; VariantName = "[No Variations]"
Add component (AddParameter): Name = "Package"; Value = "BGA-676"; VariantName = "[No Variations]"
Add component (AddParameter): Name = "Power"; Value = ""; VariantName = "[No Variations]"
Add component (AddParameter): Name = "Precision"; Value = ""; VariantName = "[No Variations]"
Add component (AddParameter): Name = "Supplier 1"; Value = "Digikey"; VariantName = "[No Variations]"
Add component (AddParameter): Name = "Supplier Part Number 1"; Value = "122-1760-ND"; VariantName = "[No Variations]"
Add component (AddParameter): Name = "Temperature"; Value = "0°C ~ 85°C (TJ)"; VariantName = "[No Variations]"
Add component (AddParameter): Name = "Value"; Value = ""; VariantName = "[No Variations]"
Add component (AddParameter): Name = "VerifiedBy"; Value = ""; VariantName = "[No Variations]"
Add component (AddParameter): Name = "Voltage"; Value = "1.14 V ~ 1.26 V"; VariantName = "[No Variations]"
Added Pin To Net: NetName=12P0V Pin=J1-c35
Added Pin To Net: NetName=12P0V Pin=J1-c37
Added Pin To Net: NetName=3P3V_VITA Pin=J1-c39
Added Pin To Net: NetName=3P3VAUX Pin=J1-d32
Added Pin To Net: NetName=3P3V_VITA Pin=J1-d36
Added Pin To Net: NetName=3P3V_VITA Pin=J1-d38
Added Pin To Net: NetName=3P3V_VITA Pin=J1-d40
Added Pin To Net: NetName=VADJ Pin=J1-g39
Added Pin To Net: NetName=VREF_A Pin=J1-h1
Added Pin To Net: NetName=VADJ Pin=J1-h40
Added Pin To Net: NetName=VIO_B_M2C Pin=J1-j39
Added Pin To Net: NetName=VREF_B Pin=J1-k1
Added Pin To Net: NetName=VIO_B_M2C Pin=J1-k40
Added Pin To Net: NetName=GND Pin=U2-A1
Added Pin To Net: NetName=GND Pin=U2-A3
Added Pin To Net: NetName=JTAG_TDO Pin=U2-A24
Added Pin To Net: NetName=GND Pin=U2-A26
Added Pin To Net: NetName=3P3V Pin=U2-AA6
Added Pin To Net: NetName=3P3V Pin=U2-AA10
Added Pin To Net: NetName=#LED4 Pin=U2-AA14
Added Pin To Net: NetName=#LED2 Pin=U2-AA15
Added Pin To Net: NetName=3P3V Pin=U2-AA16
Added Pin To Net: NetName=3P3V Pin=U2-AA21
Added Pin To Net: NetName=DDR3_DQ15 Pin=U2-AB1
Added Pin To Net: NetName=GND Pin=U2-AB2
Added Pin To Net: NetName=DDR3_DQ14 Pin=U2-AB3
Added Pin To Net: NetName=GND Pin=U2-AB12
Added Pin To Net: NetName=3P3V Pin=U2-AB14
Added Pin To Net: NetName=#USER_BTN1 Pin=U2-AB15
Added Pin To Net: NetName=GND Pin=U2-AB16
Added Pin To Net: NetName=GND Pin=U2-AB20
Added Pin To Net: NetName=3P3V Pin=U2-AB23
Added Pin To Net: NetName=PHY_RXD2 Pin=U2-AB24
Added Pin To Net: NetName=GND Pin=U2-AB25
Added Pin To Net: NetName=PHY_RXD3 Pin=U2-AB26
Added Pin To Net: NetName=UDQS_N Pin=U2-AC1
Added Pin To Net: NetName=UDQS_P Pin=U2-AC2
Added Pin To Net: NetName=1P5V Pin=U2-AC6
Added Pin To Net: NetName=GND Pin=U2-AC8
Added Pin To Net: NetName=3P3V Pin=U2-AC10
Added Pin To Net: NetName=#USER_BTN2 Pin=U2-AC14
Added Pin To Net: NetName=CLK_SYNC Pin=U2-AC16
Added Pin To Net: NetName=3P3V Pin=U2-AC18
Added Pin To Net: NetName=3P3V Pin=U2-AC21
Added Pin To Net: NetName=FLASH_CS Pin=U2-AC22
Added Pin To Net: NetName=DDR3_DQ13 Pin=U2-AD1
Added Pin To Net: NetName=1P5V Pin=U2-AD2
Added Pin To Net: NetName=DDR3_DQ12 Pin=U2-AD3
Added Pin To Net: NetName=VREF_0V75 Pin=U2-AD7
Added Pin To Net: NetName=CLK3_BIDIR_p Pin=U2-AD14
Added Pin To Net: NetName=PRST# Pin=U2-AD16
Added Pin To Net: NetName=FLASH_MISO Pin=U2-AD20
Added Pin To Net: NetName=SPI_CLK Pin=U2-AD22
Added Pin To Net: NetName=PHY_RXD0 Pin=U2-AD24
Added Pin To Net: NetName=3P3V Pin=U2-AD25
Added Pin To Net: NetName=PHY_RXD1 Pin=U2-AD26
Added Pin To Net: NetName=DDR3_DQ11 Pin=U2-AE1
Added Pin To Net: NetName=DDR3_DQ10 Pin=U2-AE2
Added Pin To Net: NetName=GND Pin=U2-AE6
Added Pin To Net: NetName=3P3V Pin=U2-AE8
Added Pin To Net: NetName=GND Pin=U2-AE10
Added Pin To Net: NetName=3P3V Pin=U2-AE12
Added Pin To Net: NetName=CLK2_BIDIR_p Pin=U2-AE13
Added Pin To Net: NetName=GND Pin=U2-AE14
Added Pin To Net: NetName=GND Pin=U2-AE18
Added Pin To Net: NetName=#CLK_CFG_CS Pin=U2-AE19
Added Pin To Net: NetName=3P3V Pin=U2-AE20
Added Pin To Net: NetName=GND Pin=U2-AE22
Added Pin To Net: NetName=GND Pin=U2-AF1
Added Pin To Net: NetName=#FPGA_RESET Pin=U2-AF3
Added Pin To Net: NetName=CLK2_BIDIR_n Pin=U2-AF13
Added Pin To Net: NetName=CLK3_BIDIR_n Pin=U2-AF14
Added Pin To Net: NetName=PLL_LOCK Pin=U2-AF16
Added Pin To Net: NetName=CLK_DIR Pin=U2-AF19
Added Pin To Net: NetName=CLK_CFG_MISO Pin=U2-AF20
Added Pin To Net: NetName=SPI_MOSI Pin=U2-AF21
Added Pin To Net: NetName=GND Pin=U2-AF26
Added Pin To Net: NetName=VIO_B_M2C Pin=U2-B3
Added Pin To Net: NetName=GND Pin=U2-B5
Added Pin To Net: NetName=VIO_B_M2C Pin=U2-B7
Added Pin To Net: NetName=GND Pin=U2-B9
Added Pin To Net: NetName=VIO_B_M2C Pin=U2-B11
Added Pin To Net: NetName=GND Pin=U2-B13
Added Pin To Net: NetName=VIO_B_M2C Pin=U2-B15
Added Pin To Net: NetName=GND Pin=U2-B17
Added Pin To Net: NetName=VIO_B_M2C Pin=U2-B19
Added Pin To Net: NetName=GND Pin=U2-B21
Added Pin To Net: NetName=VIO_B_M2C Pin=U2-C22
Added Pin To Net: NetName=JTAG_TMS Pin=U2-C23
Added Pin To Net: NetName=1P2V Pin=U2-D1
Added Pin To Net: NetName=1P2V Pin=U2-D3
Added Pin To Net: NetName=GND Pin=U2-D4
Added Pin To Net: NetName=VIO_B_M2C Pin=U2-D9
Added Pin To Net: NetName=VIO_B_M2C Pin=U2-D17
Added Pin To Net: NetName=1P2V Pin=U2-E1
Added Pin To Net: NetName=1P2V Pin=U2-E2
Added Pin To Net: NetName=GND Pin=U2-E7
Added Pin To Net: NetName=GND Pin=U2-E11
Added Pin To Net: NetName=VIO_B_M2C Pin=U2-E13
Added Pin To Net: NetName=GND Pin=U2-E15
Added Pin To Net: NetName=JTAG_TCK Pin=U2-E21
Added Pin To Net: NetName=GND Pin=U2-E22
Added Pin To Net: NetName=1P2V Pin=U2-F1
Added Pin To Net: NetName=GND Pin=U2-F2
Added Pin To Net: NetName=1P2V Pin=U2-F3
Added Pin To Net: NetName=3P3V Pin=U2-F6
Added Pin To Net: NetName=GND Pin=U2-F19
Added Pin To Net: NetName=JTAG_TDI Pin=U2-F20
Added Pin To Net: NetName=3P3V Pin=U2-F21
Added Pin To Net: NetName=GND Pin=U2-F25
Added Pin To Net: NetName=1P2V Pin=U2-G1
Added Pin To Net: NetName=1P2V Pin=U2-G2
Added Pin To Net: NetName=VIO_B_M2C Pin=U2-G10
Added Pin To Net: NetName=3P3V Pin=U2-G12
Added Pin To Net: NetName=3P3V Pin=U2-G15
Added Pin To Net: NetName=VIO_B_M2C Pin=U2-G18
Added Pin To Net: NetName=1P2V Pin=U2-H1
Added Pin To Net: NetName=1P2V Pin=U2-H3
Added Pin To Net: NetName=GND Pin=U2-H4
Added Pin To Net: NetName=GND Pin=U2-H11
Added Pin To Net: NetName=VIO_B_M2C Pin=U2-H14
Added Pin To Net: NetName=GND Pin=U2-H23
Added Pin To Net: NetName=1P2V Pin=U2-J1
Added Pin To Net: NetName=1P2V Pin=U2-J2
Added Pin To Net: NetName=1P2V Pin=U2-J3
Added Pin To Net: NetName=1P2V Pin=U2-J4
Added Pin To Net: NetName=GND Pin=U2-J8
Added Pin To Net: NetName=3P3V Pin=U2-J9
Added Pin To Net: NetName=3P3V Pin=U2-J18
Added Pin To Net: NetName=GND Pin=U2-J19
Added Pin To Net: NetName=1P2V Pin=U2-K1
Added Pin To Net: NetName=GND Pin=U2-K2
Added Pin To Net: NetName=1P2V Pin=U2-K3
Added Pin To Net: NetName=1P2V Pin=U2-K8
Added Pin To Net: NetName=1P2V Pin=U2-K11
Added Pin To Net: NetName=3P3V Pin=U2-K13
Added Pin To Net: NetName=GND Pin=U2-K16
Added Pin To Net: NetName=1P2V Pin=U2-K17
Added Pin To Net: NetName=GND Pin=U2-K25
Added Pin To Net: NetName=1P2V Pin=U2-L1
Added Pin To Net: NetName=1P2V Pin=U2-L2
Added Pin To Net: NetName=DDR3_A11 Pin=U2-L3
Added Pin To Net: NetName=DDR3.RESETN Pin=U2-L4
Added Pin To Net: NetName=3P3V Pin=U2-L5
Added Pin To Net: NetName=VREF_0V75 Pin=U2-L6
Added Pin To Net: NetName=SLP_S3 Pin=U2-L7
Added Pin To Net: NetName=1P2V Pin=U2-L8
Added Pin To Net: NetName=1P2V Pin=U2-L10
Added Pin To Net: NetName=GND Pin=U2-L11
Added Pin To Net: NetName=1P2V Pin=U2-L12
Added Pin To Net: NetName=GND Pin=U2-L13
Added Pin To Net: NetName=1P2V Pin=U2-L14
Added Pin To Net: NetName=GND Pin=U2-L15
Added Pin To Net: NetName=1P2V Pin=U2-L16
Added Pin To Net: NetName=3P3V Pin=U2-L22
Added Pin To Net: NetName=1P2V Pin=U2-M1
Added Pin To Net: NetName=1P2V Pin=U2-M3
Added Pin To Net: NetName=GND Pin=U2-M5
Added Pin To Net: NetName=DDR3_A13 Pin=U2-M6
Added Pin To Net: NetName=1P5V Pin=U2-M7
Added Pin To Net: NetName=DDR3_A12 Pin=U2-M8
Added Pin To Net: NetName=DDR3.CKE Pin=U2-M9
Added Pin To Net: NetName=DDR3_A10 Pin=U2-M10
Added Pin To Net: NetName=1P2V Pin=U2-M11
Added Pin To Net: NetName=GND Pin=U2-M12
Added Pin To Net: NetName=1P2V Pin=U2-M13
Added Pin To Net: NetName=GND Pin=U2-M14
Added Pin To Net: NetName=1P2V Pin=U2-M15
Added Pin To Net: NetName=GND Pin=U2-M16
Added Pin To Net: NetName=3P3V Pin=U2-M17
Added Pin To Net: NetName=#PHY_RST Pin=U2-M18
Added Pin To Net: NetName=3P3V Pin=U2-M20
Added Pin To Net: NetName=GND Pin=U2-M22
Added Pin To Net: NetName=1P2V Pin=U2-N1
Added Pin To Net: NetName=1P2V Pin=U2-N2
Added Pin To Net: NetName=DDR3_A9 Pin=U2-N3
Added Pin To Net: NetName=DDR3_A8 Pin=U2-N4
Added Pin To Net: NetName=DDR3_BA2 Pin=U2-N5
Added Pin To Net: NetName=DDR3_A1 Pin=U2-N6
Added Pin To Net: NetName=DDR3_A0 Pin=U2-N7
Added Pin To Net: NetName=DDR3.RASN Pin=U2-N8
Added Pin To Net: NetName=DDR3_A4 Pin=U2-N9
Added Pin To Net: NetName=3P3V Pin=U2-N10
Added Pin To Net: NetName=GND Pin=U2-N11
Added Pin To Net: NetName=1P2V Pin=U2-N12
Added Pin To Net: NetName=GND Pin=U2-N13
Added Pin To Net: NetName=1P2V Pin=U2-N14
Added Pin To Net: NetName=GND Pin=U2-N15
Added Pin To Net: NetName=1P2V Pin=U2-N16
Added Pin To Net: NetName=PHY_TXD0 Pin=U2-N17
Added Pin To Net: NetName=PHY_TXD1 Pin=U2-N18
Added Pin To Net: NetName=PHY_TXC Pin=U2-N19
Added Pin To Net: NetName=PHY_TXER Pin=U2-N22
Added Pin To Net: NetName=PHY_TXEN Pin=U2-N23
Added Pin To Net: NetName=DDR3_BA1 Pin=U2-P1
Added Pin To Net: NetName=GND Pin=U2-P2
Added Pin To Net: NetName=DDR3_BA0 Pin=U2-P3
Added Pin To Net: NetName=1P5V Pin=U2-P4
Added Pin To Net: NetName=DDR3.WEN Pin=U2-P5
Added Pin To Net: NetName=DDR3.ODT Pin=U2-P6
Added Pin To Net: NetName=DDR3_A3 Pin=U2-P7
Added Pin To Net: NetName=DDR3.CASN Pin=U2-P8
Added Pin To Net: NetName=1P5V Pin=U2-P9
Added Pin To Net: NetName=DDR3_A7 Pin=U2-P10
Added Pin To Net: NetName=1P2V Pin=U2-P11
Added Pin To Net: NetName=GND Pin=U2-P12
Added Pin To Net: NetName=1P2V Pin=U2-P13
Added Pin To Net: NetName=GND Pin=U2-P14
Added Pin To Net: NetName=1P2V Pin=U2-P15
Added Pin To Net: NetName=GND Pin=U2-P16
Added Pin To Net: NetName=GND Pin=U2-P19
Added Pin To Net: NetName=3P3V Pin=U2-P23
Added Pin To Net: NetName=UART_TXD Pin=U2-P24
Added Pin To Net: NetName=GND Pin=U2-P25
Added Pin To Net: NetName=UART_RTS# Pin=U2-P26
Added Pin To Net: NetName=DDR3_A6 Pin=U2-R1
Added Pin To Net: NetName=DDR3_A5 Pin=U2-R2
Added Pin To Net: NetName=CK_N Pin=U2-R3
Added Pin To Net: NetName=CK_P Pin=U2-R4
Added Pin To Net: NetName=VREF_0V75 Pin=U2-R6
Added Pin To Net: NetName=GND Pin=U2-R8
Added Pin To Net: NetName=DDR3_A2 Pin=U2-R9
Added Pin To Net: NetName=GND Pin=U2-R11
Added Pin To Net: NetName=1P2V Pin=U2-R12
Added Pin To Net: NetName=GND Pin=U2-R13
Added Pin To Net: NetName=1P2V Pin=U2-R14
Added Pin To Net: NetName=GND Pin=U2-R15
Added Pin To Net: NetName=1P2V Pin=U2-R16
Added Pin To Net: NetName=PHY_TXD2 Pin=U2-R23
Added Pin To Net: NetName=PHY_TXD3 Pin=U2-R24
Added Pin To Net: NetName=UART_RXD Pin=U2-R25
Added Pin To Net: NetName=UART_CTS# Pin=U2-R26
Added Pin To Net: NetName=DDR3_DQ5 Pin=U2-T1
Added Pin To Net: NetName=1P5V Pin=U2-T2
Added Pin To Net: NetName=DDR3_DQ4 Pin=U2-T3
Added Pin To Net: NetName=GND Pin=U2-T5
Added Pin To Net: NetName=1P5V Pin=U2-T7
Added Pin To Net: NetName=1P2V Pin=U2-T11
Added Pin To Net: NetName=GND Pin=U2-T12
Added Pin To Net: NetName=1P2V Pin=U2-T13
Added Pin To Net: NetName=GND Pin=U2-T14
Added Pin To Net: NetName=1P2V Pin=U2-T15
Added Pin To Net: NetName=GND Pin=U2-T16
Added Pin To Net: NetName=1P2V Pin=U2-T17
Added Pin To Net: NetName=GND Pin=U2-T21
Added Pin To Net: NetName=PHY_CRS Pin=U2-T24
Added Pin To Net: NetName=3P3V Pin=U2-T25
Added Pin To Net: NetName=PHY_RXDV Pin=U2-T26
Added Pin To Net: NetName=DDR3_DQ7 Pin=U2-U1
Added Pin To Net: NetName=DDR3_DQ6 Pin=U2-U2
Added Pin To Net: NetName=3P3V Pin=U2-U6
Added Pin To Net: NetName=1P2V Pin=U2-U10
Added Pin To Net: NetName=GND Pin=U2-U11
Added Pin To Net: NetName=3P3V Pin=U2-U14
Added Pin To Net: NetName=1P2V Pin=U2-U16
Added Pin To Net: NetName=SDA Pin=U2-U17
Added Pin To Net: NetName=3P3V Pin=U2-U18
Added Pin To Net: NetName=PHY_25MHz Pin=U2-U25
Added Pin To Net: NetName=LDQS_N Pin=U2-V1
Added Pin To Net: NetName=GND Pin=U2-V2
Added Pin To Net: NetName=LDQS_P Pin=U2-V3
Added Pin To Net: NetName=DDR3.UDM Pin=U2-V4
Added Pin To Net: NetName=VREF_0V75 Pin=U2-V6
Added Pin To Net: NetName=3P3V Pin=U2-V9
Added Pin To Net: NetName=SCL Pin=U2-V17
Added Pin To Net: NetName=3P3V Pin=U2-V21
Added Pin To Net: NetName=CLK_100MHZ_P Pin=U2-V23
Added Pin To Net: NetName=PHY_INTR Pin=U2-V24
Added Pin To Net: NetName=GND Pin=U2-V25
Added Pin To Net: NetName=PHY_COL Pin=U2-V26
Added Pin To Net: NetName=DDR3_DQ3 Pin=U2-W1
Added Pin To Net: NetName=DDR3_DQ2 Pin=U2-W2
Added Pin To Net: NetName=DDR3.LDM Pin=U2-W3
Added Pin To Net: NetName=1P5V Pin=U2-W4
Added Pin To Net: NetName=1P5V Pin=U2-W6
Added Pin To Net: NetName=GND Pin=U2-W15
Added Pin To Net: NetName=GND Pin=U2-W20
Added Pin To Net: NetName=3P3V Pin=U2-W23
Added Pin To Net: NetName=CLK_100MHZ_N Pin=U2-W24
Added Pin To Net: NetName=PHY_MDIO Pin=U2-W25
Added Pin To Net: NetName=PHY_MDC Pin=U2-W26
Added Pin To Net: NetName=DDR3_DQ1 Pin=U2-Y1
Added Pin To Net: NetName=1P5V Pin=U2-Y2
Added Pin To Net: NetName=DDR3_DQ0 Pin=U2-Y3
Added Pin To Net: NetName=GND Pin=U2-Y4
Added Pin To Net: NetName=GND Pin=U2-Y7
Added Pin To Net: NetName=GND Pin=U2-Y11
Added Pin To Net: NetName=3P3V Pin=U2-Y12
Added Pin To Net: NetName=#LED3 Pin=U2-Y14
Added Pin To Net: NetName=#LED1 Pin=U2-Y15
Added Pin To Net: NetName=3P3V Pin=U2-Y17
Added Pin To Net: NetName=3P3V Pin=U2-Y19
Added Pin To Net: NetName=GND Pin=U2-Y23
Added Pin To Net: NetName=PHY_RXER Pin=U2-Y24
Added Pin To Net: NetName=3P3V Pin=U2-Y25
Added Pin To Net: NetName=PHY_RXC Pin=U2-Y26
Added Member To Class: ClassName=S7CAS-PLEIADES-CARTE-MERE_P02_CONNECTORS Member=Component J1 ASP-134488-01
Added Member To Class: ClassName=S7CAS-PLEIADES-CARTE-MERE_P02_FPGA_B0B1 Member=Component U2 XC6SLX100-3FGG676C
