Added Component: Designator=U19(COM_USB_FT2232H-MINI-MODULE)
Add component. Clean all parameters for all variants
Add component (AddParameter): Name = "CreatedBy"; Value = "Jonathan Bouchard"; VariantName = "[No Variations]"
Add component (AddParameter): Name = "Current"; Value = ""; VariantName = "[No Variations]"
Add component (AddParameter): Name = "FootprintNameOK"; Value = ""; VariantName = "[No Variations]"
Add component (AddParameter): Name = "HelpURL"; Value = "http://www.ftdichip.com/Support/Documents/DataSheets/Modules/DS_FT2232H_Mini_Module.pdf"; VariantName = "[No Variations]"
Add component (AddParameter): Name = "Mfg"; Value = "Micrel"; VariantName = "[No Variations]"
Add component (AddParameter): Name = "Mfg Part Number"; Value = "FT2232H-MINI-MODULE"; VariantName = "[No Variations]"
Add component (AddParameter): Name = "NI"; Value = ""; VariantName = "[No Variations]"
Add component (AddParameter): Name = "Package"; Value = "TH"; VariantName = "[No Variations]"
Add component (AddParameter): Name = "Power"; Value = ""; VariantName = "[No Variations]"
Add component (AddParameter): Name = "Precision"; Value = ""; VariantName = "[No Variations]"
Add component (AddParameter): Name = "Supplier 1"; Value = "Digikey"; VariantName = "[No Variations]"
Add component (AddParameter): Name = "Supplier Part Number 1"; Value = "768-1030-ND"; VariantName = "[No Variations]"
Add component (AddParameter): Name = "Temperature"; Value = ""; VariantName = "[No Variations]"
Add component (AddParameter): Name = "Value"; Value = ""; VariantName = "[No Variations]"
Add component (AddParameter): Name = "VerifiedBy"; Value = ""; VariantName = "[No Variations]"
Add component (AddParameter): Name = "Voltage"; Value = ""; VariantName = "[No Variations]"
Added Pin To Net: NetName=USB_3V3 Pin=U19-CN2-1
Added Pin To Net: NetName=USB_GND Pin=U19-CN2-2
Added Pin To Net: NetName=USB_3V3 Pin=U19-CN2-3
Added Pin To Net: NetName=USB_GND Pin=U19-CN2-4
Added Pin To Net: NetName=USB_3V3 Pin=U19-CN2-5
Added Pin To Net: NetName=USB_GND Pin=U19-CN2-6
Added Pin To Net: NetName=ISO_JTAG_TCK Pin=U19-CN2-7
Added Pin To Net: NetName=ISO_JTAG_TDO Pin=U19-CN2-9
Added Pin To Net: NetName=ISO_JTAG_TDI Pin=U19-CN2-10
Added Pin To Net: NetName=USB_3V3 Pin=U19-CN2-11
Added Pin To Net: NetName=ISO_JTAG_TMS Pin=U19-CN2-12
Added Pin To Net: NetName=USB_3V3 Pin=U19-CN2-21
Added Pin To Net: NetName=USB_5V Pin=U19-CN3-1
Added Pin To Net: NetName=USB_GND Pin=U19-CN3-2
Added Pin To Net: NetName=USB_5V Pin=U19-CN3-3
Added Pin To Net: NetName=USB_GND Pin=U19-CN3-4
Added Pin To Net: NetName=USB_3V3 Pin=U19-CN3-12
Added Pin To Net: NetName=USB_3V3 Pin=U19-CN3-22
Added Pin To Net: NetName=ISO_UART_CTS# Pin=U19-CN3-23
Added Pin To Net: NetName=ISO_UART_RTS# Pin=U19-CN3-24
Added Pin To Net: NetName=ISO_UART_RXD Pin=U19-CN3-25
Added Pin To Net: NetName=ISO_UART_TXD Pin=U19-CN3-26
