Removed Pin From Net: NetName=DVDD18 Pin=C35-2
Removed Pin From Net: NetName=DVDD18 Pin=C36-2
Removed Pin From Net: NetName=DVDD18 Pin=C37-2
Removed Pin From Net: NetName=DVDD18 Pin=C38-2
Removed Pin From Net: NetName=DVDD18 Pin=C39-2
Removed Pin From Net: NetName=DVDD18 Pin=C40-2
Removed Pin From Net: NetName=VIO_B_M2C Pin=L8-1
Removed Pin From Net: NetName=DVDD18 Pin=L8-2
Removed Pin From Net: NetName=VIO_B_M2C Pin=L9-1
Removed Pin From Net: NetName=DVDD18 Pin=L9-2
Removed Pin From Net: NetName=DVDD18 Pin=U6-8
Removed Pin From Net: NetName=DVDD18 Pin=U6-29
Removed Pin From Net: NetName=DVDD18 Pin=U6-35
Removed Member From Class: ClassName=S7CAS-PLEIADES-CARTE-FILLE_P02_DAC Member=L8
Removed Member From Class: ClassName=S7CAS-PLEIADES-CARTE-FILLE_P02_DAC Member=L9
Added Pin To Net: NetName=VIO_B_M2C Pin=C35-2
Added Pin To Net: NetName=VIO_B_M2C Pin=C36-2
Added Pin To Net: NetName=VIO_B_M2C Pin=C37-2
Added Pin To Net: NetName=VIO_B_M2C Pin=C38-2
Added Pin To Net: NetName=VIO_B_M2C Pin=C39-2
Added Pin To Net: NetName=VIO_B_M2C Pin=C40-2
Added Pin To Net: NetName=VIO_B_M2C Pin=U6-8
Added Pin To Net: NetName=VIO_B_M2C Pin=U6-29
Added Pin To Net: NetName=VIO_B_M2C Pin=U6-35
Added Member To Class: ClassName=S7CAS-PLEIADES-CARTE-FILLE_P02_DAC Member=Component C39 CAP - 0603
Added Member To Class: ClassName=S7CAS-PLEIADES-CARTE-FILLE_P02_DAC Member=Component R35 RES - 0603
Added Member To Class: ClassName=S7CAS-PLEIADES-CARTE-FILLE_P02_DAC Member=Component R44 RES - 0603
